CRITICAL - 2023-08-10 16:14:36 --> Class "App\Filters\CORS" not found
in SYSTEMPATH\Filters\Filters.php on line 166.
 1 SYSTEMPATH\CodeIgniter.php(473): CodeIgniter\Filters\Filters->run('api/users/register', 'before')
 2 SYSTEMPATH\CodeIgniter.php(368): CodeIgniter\CodeIgniter->handleRequest(null, Object(Config\Cache), false)
 3 FCPATH\index.php(67): CodeIgniter\CodeIgniter->run()
 4 SYSTEMPATH\Commands\Server\rewrite.php(47): require_once('C:\\Users\\IvelinMorris\\Desktop\\viv\\iicinema-backend\\public\\index.php')
CRITICAL - 2023-08-10 16:15:47 --> Class "App\Filters\CORS" not found
in SYSTEMPATH\Filters\Filters.php on line 166.
 1 SYSTEMPATH\CodeIgniter.php(473): CodeIgniter\Filters\Filters->run('api/users/register', 'before')
 2 SYSTEMPATH\CodeIgniter.php(368): CodeIgniter\CodeIgniter->handleRequest(null, Object(Config\Cache), false)
 3 FCPATH\index.php(67): CodeIgniter\CodeIgniter->run()
 4 SYSTEMPATH\Commands\Server\rewrite.php(47): require_once('C:\\Users\\IvelinMorris\\Desktop\\viv\\iicinema-backend\\public\\index.php')
CRITICAL - 2023-08-10 16:30:25 --> Class "App\Filters\CORS" not found
in SYSTEMPATH\Filters\Filters.php on line 166.
 1 SYSTEMPATH\CodeIgniter.php(473): CodeIgniter\Filters\Filters->run('api/users/register', 'before')
 2 SYSTEMPATH\CodeIgniter.php(368): CodeIgniter\CodeIgniter->handleRequest(null, Object(Config\Cache), false)
 3 FCPATH\index.php(67): CodeIgniter\CodeIgniter->run()
 4 SYSTEMPATH\Commands\Server\rewrite.php(47): require_once('C:\\Users\\IvelinMorris\\Desktop\\viv\\iicinema-backend\\public\\index.php')
ERROR - 2023-08-10 16:47:57 --> mysqli_sql_exception: Cannot add or update a child row: a foreign key constraint fails (`iicinema-backend`.`users`, CONSTRAINT `users_ibfk_1` FOREIGN KEY (`role_id`) REFERENCES `roles` (`id`)) in C:\Users\IvelinMorris\Desktop\viv\iicinema-backend\system\Database\MySQLi\Connection.php:295
Stack trace:
#0 C:\Users\IvelinMorris\Desktop\viv\iicinema-backend\system\Database\MySQLi\Connection.php(295): mysqli->query('INSERT INTO `us...', 0)
#1 C:\Users\IvelinMorris\Desktop\viv\iicinema-backend\system\Database\BaseConnection.php(692): CodeIgniter\Database\MySQLi\Connection->execute('INSERT INTO `us...')
#2 C:\Users\IvelinMorris\Desktop\viv\iicinema-backend\system\Database\BaseConnection.php(606): CodeIgniter\Database\BaseConnection->simpleQuery('INSERT INTO `us...')
#3 C:\Users\IvelinMorris\Desktop\viv\iicinema-backend\system\Database\BaseBuilder.php(2309): CodeIgniter\Database\BaseConnection->query('INSERT INTO `us...', Array, false)
#4 C:\Users\IvelinMorris\Desktop\viv\iicinema-backend\system\Model.php(330): CodeIgniter\Database\BaseBuilder->insert()
#5 C:\Users\IvelinMorris\Desktop\viv\iicinema-backend\system\BaseModel.php(782): CodeIgniter\Model->doInsert(Array)
#6 C:\Users\IvelinMorris\Desktop\viv\iicinema-backend\system\Model.php(730): CodeIgniter\BaseModel->insert(Array, true)
#7 C:\Users\IvelinMorris\Desktop\viv\iicinema-backend\app\Controllers\User.php(69): CodeIgniter\Model->insert(Array)
#8 C:\Users\IvelinMorris\Desktop\viv\iicinema-backend\system\CodeIgniter.php(934): App\Controllers\User->register()
#9 C:\Users\IvelinMorris\Desktop\viv\iicinema-backend\system\CodeIgniter.php(499): CodeIgniter\CodeIgniter->runController(Object(App\Controllers\User))
#10 C:\Users\IvelinMorris\Desktop\viv\iicinema-backend\system\CodeIgniter.php(368): CodeIgniter\CodeIgniter->handleRequest(NULL, Object(Config\Cache), false)
#11 C:\Users\IvelinMorris\Desktop\viv\iicinema-backend\public\index.php(67): CodeIgniter\CodeIgniter->run()
#12 C:\Users\IvelinMorris\Desktop\viv\iicinema-backend\system\Commands\Server\rewrite.php(47): require_once('C:\\Users\\Ivelin...')
#13 {main}
CRITICAL - 2023-08-10 16:47:58 --> Cannot add or update a child row: a foreign key constraint fails (`iicinema-backend`.`users`, CONSTRAINT `users_ibfk_1` FOREIGN KEY (`role_id`) REFERENCES `roles` (`id`))
in SYSTEMPATH\Database\MySQLi\Connection.php on line 295.
 1 SYSTEMPATH\Database\MySQLi\Connection.php(295): mysqli->query('INSERT INTO `users` (`username`, `email`, `password`, `role_id`) VALUES (\'IvelinIvanov\', \'iv4osz@abv.bg\', \'$2y$10$GP2hFbNVh3qq/IGlPpsZF.dV0nnT5H/30wa76fqGg9CieawdJDXdS\', 2)', 0)
 2 SYSTEMPATH\Database\BaseConnection.php(692): CodeIgniter\Database\MySQLi\Connection->execute('INSERT INTO `users` (`username`, `email`, `password`, `role_id`) VALUES (\'IvelinIvanov\', \'iv4osz@abv.bg\', \'$2y$10$GP2hFbNVh3qq/IGlPpsZF.dV0nnT5H/30wa76fqGg9CieawdJDXdS\', 2)')
 3 SYSTEMPATH\Database\BaseConnection.php(606): CodeIgniter\Database\BaseConnection->simpleQuery('INSERT INTO `users` (`username`, `email`, `password`, `role_id`) VALUES (\'IvelinIvanov\', \'iv4osz@abv.bg\', \'$2y$10$GP2hFbNVh3qq/IGlPpsZF.dV0nnT5H/30wa76fqGg9CieawdJDXdS\', 2)')
 4 SYSTEMPATH\Database\BaseBuilder.php(2309): CodeIgniter\Database\BaseConnection->query('INSERT INTO `users` (`username`, `email`, `password`, `role_id`) VALUES (:username:, :email:, :password:, :role_id:)', [...], false)
 5 SYSTEMPATH\Model.php(330): CodeIgniter\Database\BaseBuilder->insert()
 6 SYSTEMPATH\BaseModel.php(782): CodeIgniter\Model->doInsert([...])
 7 SYSTEMPATH\Model.php(730): CodeIgniter\BaseModel->insert([...], true)
 8 APPPATH\Controllers\User.php(69): CodeIgniter\Model->insert([...])
 9 SYSTEMPATH\CodeIgniter.php(934): App\Controllers\User->register()
10 SYSTEMPATH\CodeIgniter.php(499): CodeIgniter\CodeIgniter->runController(Object(App\Controllers\User))
11 SYSTEMPATH\CodeIgniter.php(368): CodeIgniter\CodeIgniter->handleRequest(null, Object(Config\Cache), false)
12 FCPATH\index.php(67): CodeIgniter\CodeIgniter->run()
13 SYSTEMPATH\Commands\Server\rewrite.php(47): require_once('C:\\Users\\IvelinMorris\\Desktop\\viv\\iicinema-backend\\public\\index.php')
ERROR - 2023-08-10 16:51:23 --> mysqli_sql_exception: Cannot add or update a child row: a foreign key constraint fails (`iicinema-backend`.`users`, CONSTRAINT `users_ibfk_1` FOREIGN KEY (`role_id`) REFERENCES `roles` (`id`)) in C:\Users\IvelinMorris\Desktop\viv\iicinema-backend\system\Database\MySQLi\Connection.php:295
Stack trace:
#0 C:\Users\IvelinMorris\Desktop\viv\iicinema-backend\system\Database\MySQLi\Connection.php(295): mysqli->query('INSERT INTO `us...', 0)
#1 C:\Users\IvelinMorris\Desktop\viv\iicinema-backend\system\Database\BaseConnection.php(692): CodeIgniter\Database\MySQLi\Connection->execute('INSERT INTO `us...')
#2 C:\Users\IvelinMorris\Desktop\viv\iicinema-backend\system\Database\BaseConnection.php(606): CodeIgniter\Database\BaseConnection->simpleQuery('INSERT INTO `us...')
#3 C:\Users\IvelinMorris\Desktop\viv\iicinema-backend\system\Database\BaseBuilder.php(2309): CodeIgniter\Database\BaseConnection->query('INSERT INTO `us...', Array, false)
#4 C:\Users\IvelinMorris\Desktop\viv\iicinema-backend\system\Model.php(330): CodeIgniter\Database\BaseBuilder->insert()
#5 C:\Users\IvelinMorris\Desktop\viv\iicinema-backend\system\BaseModel.php(782): CodeIgniter\Model->doInsert(Array)
#6 C:\Users\IvelinMorris\Desktop\viv\iicinema-backend\system\Model.php(730): CodeIgniter\BaseModel->insert(Array, true)
#7 C:\Users\IvelinMorris\Desktop\viv\iicinema-backend\app\Controllers\User.php(70): CodeIgniter\Model->insert(Array)
#8 C:\Users\IvelinMorris\Desktop\viv\iicinema-backend\system\CodeIgniter.php(934): App\Controllers\User->register()
#9 C:\Users\IvelinMorris\Desktop\viv\iicinema-backend\system\CodeIgniter.php(499): CodeIgniter\CodeIgniter->runController(Object(App\Controllers\User))
#10 C:\Users\IvelinMorris\Desktop\viv\iicinema-backend\system\CodeIgniter.php(368): CodeIgniter\CodeIgniter->handleRequest(NULL, Object(Config\Cache), false)
#11 C:\Users\IvelinMorris\Desktop\viv\iicinema-backend\public\index.php(67): CodeIgniter\CodeIgniter->run()
#12 C:\Users\IvelinMorris\Desktop\viv\iicinema-backend\system\Commands\Server\rewrite.php(47): require_once('C:\\Users\\Ivelin...')
#13 {main}
CRITICAL - 2023-08-10 16:51:26 --> Cannot add or update a child row: a foreign key constraint fails (`iicinema-backend`.`users`, CONSTRAINT `users_ibfk_1` FOREIGN KEY (`role_id`) REFERENCES `roles` (`id`))
in SYSTEMPATH\Database\MySQLi\Connection.php on line 295.
 1 SYSTEMPATH\Database\MySQLi\Connection.php(295): mysqli->query('INSERT INTO `users` (`username`, `email`, `password`, `role_id`) VALUES (\'IvelinIvanov\', \'iv4osz@abv.bg\', \'$2y$10$eXvnMe33yKfByS4MWlokj.rHjWv04HTrEG0EbFVoLnK1cdJcby72u\', 2)', 0)
 2 SYSTEMPATH\Database\BaseConnection.php(692): CodeIgniter\Database\MySQLi\Connection->execute('INSERT INTO `users` (`username`, `email`, `password`, `role_id`) VALUES (\'IvelinIvanov\', \'iv4osz@abv.bg\', \'$2y$10$eXvnMe33yKfByS4MWlokj.rHjWv04HTrEG0EbFVoLnK1cdJcby72u\', 2)')
 3 SYSTEMPATH\Database\BaseConnection.php(606): CodeIgniter\Database\BaseConnection->simpleQuery('INSERT INTO `users` (`username`, `email`, `password`, `role_id`) VALUES (\'IvelinIvanov\', \'iv4osz@abv.bg\', \'$2y$10$eXvnMe33yKfByS4MWlokj.rHjWv04HTrEG0EbFVoLnK1cdJcby72u\', 2)')
 4 SYSTEMPATH\Database\BaseBuilder.php(2309): CodeIgniter\Database\BaseConnection->query('INSERT INTO `users` (`username`, `email`, `password`, `role_id`) VALUES (:username:, :email:, :password:, :role_id:)', [...], false)
 5 SYSTEMPATH\Model.php(330): CodeIgniter\Database\BaseBuilder->insert()
 6 SYSTEMPATH\BaseModel.php(782): CodeIgniter\Model->doInsert([...])
 7 SYSTEMPATH\Model.php(730): CodeIgniter\BaseModel->insert([...], true)
 8 APPPATH\Controllers\User.php(70): CodeIgniter\Model->insert([...])
 9 SYSTEMPATH\CodeIgniter.php(934): App\Controllers\User->register()
10 SYSTEMPATH\CodeIgniter.php(499): CodeIgniter\CodeIgniter->runController(Object(App\Controllers\User))
11 SYSTEMPATH\CodeIgniter.php(368): CodeIgniter\CodeIgniter->handleRequest(null, Object(Config\Cache), false)
12 FCPATH\index.php(67): CodeIgniter\CodeIgniter->run()
13 SYSTEMPATH\Commands\Server\rewrite.php(47): require_once('C:\\Users\\IvelinMorris\\Desktop\\viv\\iicinema-backend\\public\\index.php')
