CRITICAL - 2023-07-05 16:52:34 --> Access to undeclared static property Config\CORS::$allowedOrigins
in APPPATH\Filters\CORS.php on line 19.
 1 SYSTEMPATH\Filters\Filters.php(173): App\Filters\CORS->before(Object(CodeIgniter\HTTP\IncomingRequest), null)
 2 SYSTEMPATH\CodeIgniter.php(473): CodeIgniter\Filters\Filters->run('api/users/register', 'before')
 3 SYSTEMPATH\CodeIgniter.php(368): CodeIgniter\CodeIgniter->handleRequest(null, Object(Config\Cache), false)
 4 FCPATH\index.php(67): CodeIgniter\CodeIgniter->run()
 5 SYSTEMPATH\Commands\Server\rewrite.php(47): require_once('C:\\Users\\IvelinMorris\\Desktop\\viv\\iicinema-backend\\public\\index.php')
CRITICAL - 2023-07-05 16:58:47 --> Access to undeclared static property Config\CORS::$allowedOrigins
in APPPATH\Filters\CORS.php on line 19.
 1 SYSTEMPATH\Filters\Filters.php(173): App\Filters\CORS->before(Object(CodeIgniter\HTTP\IncomingRequest), null)
 2 SYSTEMPATH\CodeIgniter.php(473): CodeIgniter\Filters\Filters->run('api/users/register', 'before')
 3 SYSTEMPATH\CodeIgniter.php(368): CodeIgniter\CodeIgniter->handleRequest(null, Object(Config\Cache), false)
 4 FCPATH\index.php(67): CodeIgniter\CodeIgniter->run()
 5 SYSTEMPATH\Commands\Server\rewrite.php(47): require_once('C:\\Users\\IvelinMorris\\Desktop\\viv\\iicinema-backend\\public\\index.php')
CRITICAL - 2023-07-05 17:02:16 --> Class "App\Config\CORS" not found
in APPPATH\Filters\CORS.php on line 19.
 1 SYSTEMPATH\Filters\Filters.php(173): App\Filters\CORS->before(Object(CodeIgniter\HTTP\IncomingRequest), null)
 2 SYSTEMPATH\CodeIgniter.php(473): CodeIgniter\Filters\Filters->run('api/users/register', 'before')
 3 SYSTEMPATH\CodeIgniter.php(368): CodeIgniter\CodeIgniter->handleRequest(null, Object(Config\Cache), false)
 4 FCPATH\index.php(67): CodeIgniter\CodeIgniter->run()
 5 SYSTEMPATH\Commands\Server\rewrite.php(47): require_once('C:\\Users\\IvelinMorris\\Desktop\\viv\\iicinema-backend\\public\\index.php')
CRITICAL - 2023-07-05 17:02:50 --> Class "App\Config\Cors" not found
in APPPATH\Filters\CORS.php on line 19.
 1 SYSTEMPATH\Filters\Filters.php(173): App\Filters\CORS->before(Object(CodeIgniter\HTTP\IncomingRequest), null)
 2 SYSTEMPATH\CodeIgniter.php(473): CodeIgniter\Filters\Filters->run('api/users/register', 'before')
 3 SYSTEMPATH\CodeIgniter.php(368): CodeIgniter\CodeIgniter->handleRequest(null, Object(Config\Cache), false)
 4 FCPATH\index.php(67): CodeIgniter\CodeIgniter->run()
 5 SYSTEMPATH\Commands\Server\rewrite.php(47): require_once('C:\\Users\\IvelinMorris\\Desktop\\viv\\iicinema-backend\\public\\index.php')
CRITICAL - 2023-07-05 17:03:13 --> Class "app\Config\Cors" not found
in APPPATH\Filters\CORS.php on line 19.
 1 SYSTEMPATH\Filters\Filters.php(173): App\Filters\CORS->before(Object(CodeIgniter\HTTP\IncomingRequest), null)
 2 SYSTEMPATH\CodeIgniter.php(473): CodeIgniter\Filters\Filters->run('api/users/register', 'before')
 3 SYSTEMPATH\CodeIgniter.php(368): CodeIgniter\CodeIgniter->handleRequest(null, Object(Config\Cache), false)
 4 FCPATH\index.php(67): CodeIgniter\CodeIgniter->run()
 5 SYSTEMPATH\Commands\Server\rewrite.php(47): require_once('C:\\Users\\IvelinMorris\\Desktop\\viv\\iicinema-backend\\public\\index.php')
CRITICAL - 2023-07-05 17:03:31 --> Access to undeclared static property Config\CORS::$allowedOrigins
in APPPATH\Filters\CORS.php on line 19.
 1 SYSTEMPATH\Filters\Filters.php(173): App\Filters\CORS->before(Object(CodeIgniter\HTTP\IncomingRequest), null)
 2 SYSTEMPATH\CodeIgniter.php(473): CodeIgniter\Filters\Filters->run('api/users/register', 'before')
 3 SYSTEMPATH\CodeIgniter.php(368): CodeIgniter\CodeIgniter->handleRequest(null, Object(Config\Cache), false)
 4 FCPATH\index.php(67): CodeIgniter\CodeIgniter->run()
 5 SYSTEMPATH\Commands\Server\rewrite.php(47): require_once('C:\\Users\\IvelinMorris\\Desktop\\viv\\iicinema-backend\\public\\index.php')
CRITICAL - 2023-07-05 17:04:54 --> Access to undeclared static property Config\CORS::$allowedOrigins
in APPPATH\Filters\CORS.php on line 19.
 1 SYSTEMPATH\Filters\Filters.php(173): App\Filters\CORS->before(Object(CodeIgniter\HTTP\IncomingRequest), null)
 2 SYSTEMPATH\CodeIgniter.php(473): CodeIgniter\Filters\Filters->run('api/users/register', 'before')
 3 SYSTEMPATH\CodeIgniter.php(368): CodeIgniter\CodeIgniter->handleRequest(null, Object(Config\Cache), false)
 4 FCPATH\index.php(67): CodeIgniter\CodeIgniter->run()
 5 SYSTEMPATH\Commands\Server\rewrite.php(47): require_once('C:\\Users\\IvelinMorris\\Desktop\\viv\\iicinema-backend\\public\\index.php')
CRITICAL - 2023-07-05 17:06:32 --> Undefined variable $allowedOrigins
in APPPATH\Filters\CORS.php on line 31.
 1 APPPATH\Filters\CORS.php(31): CodeIgniter\Debug\Exceptions->errorHandler(2, 'Undefined variable $allowedOrigins', 'C:\\Users\\IvelinMorris\\Desktop\\viv\\iicinema-backend\\app\\Filters\\CORS.php', 31)
 2 SYSTEMPATH\Filters\Filters.php(173): App\Filters\CORS->before(Object(CodeIgniter\HTTP\IncomingRequest), null)
 3 SYSTEMPATH\CodeIgniter.php(473): CodeIgniter\Filters\Filters->run('api/users/register', 'before')
 4 SYSTEMPATH\CodeIgniter.php(368): CodeIgniter\CodeIgniter->handleRequest(null, Object(Config\Cache), false)
 5 FCPATH\index.php(67): CodeIgniter\CodeIgniter->run()
 6 SYSTEMPATH\Commands\Server\rewrite.php(47): require_once('C:\\Users\\IvelinMorris\\Desktop\\viv\\iicinema-backend\\public\\index.php')
