ERROR - 2023-09-12 16:12:11 --> Error connecting to the database: mysqli_sql_exception: Не можа да бъде установена връзка, защото целевият компютър активно я отказа in C:\Users\IvelinMorris\Desktop\viv\iicinema-backend\system\Database\MySQLi\Connection.php:173
Stack trace:
#0 C:\Users\IvelinMorris\Desktop\viv\iicinema-backend\system\Database\MySQLi\Connection.php(173): mysqli->real_connect('127.0.0.1', 'root', Object(SensitiveParameterValue), 'iicinema-backen...', 3306, '', 0)
#1 C:\Users\IvelinMorris\Desktop\viv\iicinema-backend\system\Database\BaseConnection.php(391): CodeIgniter\Database\MySQLi\Connection->connect(false)
#2 C:\Users\IvelinMorris\Desktop\viv\iicinema-backend\system\Database\BaseConnection.php(574): CodeIgniter\Database\BaseConnection->initialize()
#3 C:\Users\IvelinMorris\Desktop\viv\iicinema-backend\system\Database\BaseBuilder.php(2309): CodeIgniter\Database\BaseConnection->query('INSERT INTO `us...', Array, false)
#4 C:\Users\IvelinMorris\Desktop\viv\iicinema-backend\app\Models\FavoriteModel.php(21): CodeIgniter\Database\BaseBuilder->insert(Array)
#5 C:\Users\IvelinMorris\Desktop\viv\iicinema-backend\app\Controllers\User.php(142): App\Models\FavoriteModel->addUserFavorite('4', 'actor', 'nm1500155')
#6 C:\Users\IvelinMorris\Desktop\viv\iicinema-backend\system\CodeIgniter.php(934): App\Controllers\User->addFavorite()
#7 C:\Users\IvelinMorris\Desktop\viv\iicinema-backend\system\CodeIgniter.php(499): CodeIgniter\CodeIgniter->runController(Object(App\Controllers\User))
#8 C:\Users\IvelinMorris\Desktop\viv\iicinema-backend\system\CodeIgniter.php(368): CodeIgniter\CodeIgniter->handleRequest(NULL, Object(Config\Cache), false)
#9 C:\Users\IvelinMorris\Desktop\viv\iicinema-backend\public\index.php(67): CodeIgniter\CodeIgniter->run()
#10 C:\Users\IvelinMorris\Desktop\viv\iicinema-backend\system\Commands\Server\rewrite.php(47): require_once('C:\\Users\\Ivelin...')
#11 {main}

Next CodeIgniter\Database\Exceptions\DatabaseException: Не можа да бъде установена връзка, защото целевият компютър активно я отказа in C:\Users\IvelinMorris\Desktop\viv\iicinema-backend\system\Database\MySQLi\Connection.php:218
Stack trace:
#0 C:\Users\IvelinMorris\Desktop\viv\iicinema-backend\system\Database\BaseConnection.php(391): CodeIgniter\Database\MySQLi\Connection->connect(false)
#1 C:\Users\IvelinMorris\Desktop\viv\iicinema-backend\system\Database\BaseConnection.php(574): CodeIgniter\Database\BaseConnection->initialize()
#2 C:\Users\IvelinMorris\Desktop\viv\iicinema-backend\system\Database\BaseBuilder.php(2309): CodeIgniter\Database\BaseConnection->query('INSERT INTO `us...', Array, false)
#3 C:\Users\IvelinMorris\Desktop\viv\iicinema-backend\app\Models\FavoriteModel.php(21): CodeIgniter\Database\BaseBuilder->insert(Array)
#4 C:\Users\IvelinMorris\Desktop\viv\iicinema-backend\app\Controllers\User.php(142): App\Models\FavoriteModel->addUserFavorite('4', 'actor', 'nm1500155')
#5 C:\Users\IvelinMorris\Desktop\viv\iicinema-backend\system\CodeIgniter.php(934): App\Controllers\User->addFavorite()
#6 C:\Users\IvelinMorris\Desktop\viv\iicinema-backend\system\CodeIgniter.php(499): CodeIgniter\CodeIgniter->runController(Object(App\Controllers\User))
#7 C:\Users\IvelinMorris\Desktop\viv\iicinema-backend\system\CodeIgniter.php(368): CodeIgniter\CodeIgniter->handleRequest(NULL, Object(Config\Cache), false)
#8 C:\Users\IvelinMorris\Desktop\viv\iicinema-backend\public\index.php(67): CodeIgniter\CodeIgniter->run()
#9 C:\Users\IvelinMorris\Desktop\viv\iicinema-backend\system\Commands\Server\rewrite.php(47): require_once('C:\\Users\\Ivelin...')
#10 {main}
CRITICAL - 2023-09-12 16:12:12 --> Unable to connect to the database.
Main connection [MySQLi]: Не можа да бъде установена връзка, защото целевият компютър активно я отказа
in SYSTEMPATH\Database\BaseConnection.php on line 427.
 1 SYSTEMPATH\Database\BaseConnection.php(574): CodeIgniter\Database\BaseConnection->initialize()
 2 SYSTEMPATH\Database\BaseBuilder.php(2309): CodeIgniter\Database\BaseConnection->query('INSERT INTO `users_actors` (`user_id`, `actor_id`) VALUES (:user_id:, :actor_id:)', [...], false)
 3 APPPATH\Models\FavoriteModel.php(21): CodeIgniter\Database\BaseBuilder->insert([...])
 4 APPPATH\Controllers\User.php(142): App\Models\FavoriteModel->addUserFavorite('4', 'actor', 'nm1500155')
 5 SYSTEMPATH\CodeIgniter.php(934): App\Controllers\User->addFavorite()
 6 SYSTEMPATH\CodeIgniter.php(499): CodeIgniter\CodeIgniter->runController(Object(App\Controllers\User))
 7 SYSTEMPATH\CodeIgniter.php(368): CodeIgniter\CodeIgniter->handleRequest(null, Object(Config\Cache), false)
 8 FCPATH\index.php(67): CodeIgniter\CodeIgniter->run()
 9 SYSTEMPATH\Commands\Server\rewrite.php(47): require_once('C:\\Users\\IvelinMorris\\Desktop\\viv\\iicinema-backend\\public\\index.php')
