CRITICAL - 2023-06-01 18:17:46 --> The framework needs the following extension(s) installed and loaded: intl, mbstring.
in SYSTEMPATH\CodeIgniter.php on line 226.
 1 SYSTEMPATH\CodeIgniter.php(226): CodeIgniter\Exceptions\FrameworkException::forMissingExtension('intl, mbstring')
 2 SYSTEMPATH\CodeIgniter.php(190): CodeIgniter\CodeIgniter->resolvePlatformExtensions()
 3 ROOTPATH\spark(83): CodeIgniter\CodeIgniter->initialize()
CRITICAL - 2023-06-01 18:17:46 --> Uncaught Error: Call to undefined function CodeIgniter\CLI\mb_strpos() in C:\Users\IvelinMorris\Desktop\viv\iicinema-backend\system\CLI\CLI.php:872
Stack trace:
#0 C:\Users\IvelinMorris\Desktop\viv\iicinema-backend\system\CLI\CLI.php(161): CodeIgniter\CLI\CLI::parseCommandLine()
#1 C:\Users\IvelinMorris\Desktop\viv\iicinema-backend\system\CLI\CLI.php(1115): CodeIgniter\CLI\CLI::init()
#2 C:\Users\IvelinMorris\Desktop\viv\iicinema-backend\system\Autoloader\Autoloader.php(312): include_once('C:\\Users\\Ivelin...')
#3 C:\Users\IvelinMorris\Desktop\viv\iicinema-backend\system\Autoloader\Autoloader.php(289): CodeIgniter\Autoloader\Autoloader->includeFile('C:\\Users\\Ivelin...')
#4 C:\Users\IvelinMorris\Desktop\viv\iicinema-backend\system\Autoloader\Autoloader.php(267): CodeIgniter\Autoloader\Autoloader->loadInNamespace('CodeIgniter\\CLI...')
#5 [internal function]: CodeIgniter\Autoloader\Autoloader->loadClass('CodeIgniter\\CLI...')
#6 C:\Users\IvelinMorris\Desktop\viv\iicinema-backend\app\Views\errors\cli\error_ex
【Previous Exception】
CodeIgniter\Exceptions\FrameworkException
The framework needs the following extension(s) installed and loaded: intl, mbstring.
#0 C:\Users\IvelinMorris\Desktop\viv\iicinema-backend\system\CodeIgniter.php(226): CodeIgniter\Exceptions\FrameworkException::forMissingExtension('intl, mbstring')
#1 C:\Users\IvelinMorris\Desktop\viv\iicinema-backend\system\CodeIgniter.php(190): CodeIgniter\CodeIgniter->resolvePlatformExtensions()
#2 C:\Users\IvelinMorris\Desktop\viv\iicinema-backend\spark(83): CodeIgniter\CodeIgniter->initialize()
#3 {main}
in SYSTEMPATH\CLI\CLI.php on line 872.
 1 [internal function]: CodeIgniter\Debug\Exceptions->shutdownHandler()
CRITICAL - 2023-06-01 18:24:25 --> The framework needs the following extension(s) installed and loaded: intl, mbstring.
in SYSTEMPATH\CodeIgniter.php on line 226.
 1 SYSTEMPATH\CodeIgniter.php(226): CodeIgniter\Exceptions\FrameworkException::forMissingExtension('intl, mbstring')
 2 SYSTEMPATH\CodeIgniter.php(190): CodeIgniter\CodeIgniter->resolvePlatformExtensions()
 3 ROOTPATH\spark(83): CodeIgniter\CodeIgniter->initialize()
CRITICAL - 2023-06-01 18:24:25 --> Uncaught Error: Call to undefined function CodeIgniter\CLI\mb_strpos() in C:\Users\IvelinMorris\Desktop\viv\iicinema-backend\system\CLI\CLI.php:872
Stack trace:
#0 C:\Users\IvelinMorris\Desktop\viv\iicinema-backend\system\CLI\CLI.php(161): CodeIgniter\CLI\CLI::parseCommandLine()
#1 C:\Users\IvelinMorris\Desktop\viv\iicinema-backend\system\CLI\CLI.php(1115): CodeIgniter\CLI\CLI::init()
#2 C:\Users\IvelinMorris\Desktop\viv\iicinema-backend\system\Autoloader\Autoloader.php(312): include_once('C:\\Users\\Ivelin...')
#3 C:\Users\IvelinMorris\Desktop\viv\iicinema-backend\system\Autoloader\Autoloader.php(289): CodeIgniter\Autoloader\Autoloader->includeFile('C:\\Users\\Ivelin...')
#4 C:\Users\IvelinMorris\Desktop\viv\iicinema-backend\system\Autoloader\Autoloader.php(267): CodeIgniter\Autoloader\Autoloader->loadInNamespace('CodeIgniter\\CLI...')
#5 [internal function]: CodeIgniter\Autoloader\Autoloader->loadClass('CodeIgniter\\CLI...')
#6 C:\Users\IvelinMorris\Desktop\viv\iicinema-backend\app\Views\errors\cli\error_ex
【Previous Exception】
CodeIgniter\Exceptions\FrameworkException
The framework needs the following extension(s) installed and loaded: intl, mbstring.
#0 C:\Users\IvelinMorris\Desktop\viv\iicinema-backend\system\CodeIgniter.php(226): CodeIgniter\Exceptions\FrameworkException::forMissingExtension('intl, mbstring')
#1 C:\Users\IvelinMorris\Desktop\viv\iicinema-backend\system\CodeIgniter.php(190): CodeIgniter\CodeIgniter->resolvePlatformExtensions()
#2 C:\Users\IvelinMorris\Desktop\viv\iicinema-backend\spark(83): CodeIgniter\CodeIgniter->initialize()
#3 {main}
in SYSTEMPATH\CLI\CLI.php on line 872.
 1 [internal function]: CodeIgniter\Debug\Exceptions->shutdownHandler()
